2023-11-08T08:01:30.195Z - log: [Package] menu@1.0.0 enable
2023-11-08T08:01:30.196Z - log: [Package] profile@1.0.0 enable
2023-11-08T08:01:30.201Z - log: [Package] project@1.0.2 enable
2023-11-08T08:01:30.203Z - log: [Package] messages@1.0.0 enable
2023-11-08T08:01:30.205Z - log: [Package] program@1.0.0 enable
2023-11-08T08:01:30.209Z - log: [Package] tester@1.0.0 enable
2023-11-08T08:01:30.212Z - log: [Package] preferences@1.0.0 enable
2023-11-08T08:01:31.904Z - log: Load engine in /Applications/CocosCreator/Creator/3.6.3/CocosCreator.app/Contents/Resources/resources/3d/engine
2023-11-08T08:01:32.110Z - log: Profile changed: engine (modules.includeModules: 2d,animation,audio,base,dragon-bones,gfx-webgl,gfx-webgl2,intersection-2d,particle-2d,physics-2d-box2d,profiler,spine,tiled-map,tween,ui,video,webview)
2023-11-08T08:01:32.167Z - log: Register native engine in /Applications/CocosCreator/Creator/3.6.3/CocosCreator.app/Contents/Resources/resources/3d/engine/native
2023-11-08T08:01:32.168Z - log: [Package] engine@1.0.7 enable
2023-11-08T08:01:32.711Z - log: [Package] programming@1.0.0 enable
2023-11-08T08:01:32.760Z - warn: 
2023-11-08T08:01:32.779Z - warn: 
2023-11-08T08:01:32.974Z - log: [Package] device@1.0.1 enable
2023-11-08T08:01:33.001Z - log: [Package] ui-kit@1.0.1 enable
2023-11-08T08:01:33.026Z - log: [Package] engine-extends@1.0.0 enable
2023-11-08T08:01:33.079Z - log: [Package] asset-db@1.0.0 enable
2023-11-08T08:01:33.080Z - warn: 
2023-11-08T08:01:33.108Z - log: [Package] scene@1.0.0 enable
2023-11-08T08:01:33.222Z - log: [Package] server@1.0.0 enable
2023-11-08T08:01:33.246Z - log: [Package] utils@1.0.0 enable
2023-11-08T08:01:35.215Z - warn: 
2023-11-08T08:01:35.215Z - warn: 
2023-11-08T08:01:35.215Z - warn: 
2023-11-08T08:01:35.222Z - warn: 
2023-11-08T08:01:35.222Z - warn: 
2023-11-08T08:01:35.222Z - warn: 
2023-11-08T08:01:35.876Z - warn: 
2023-11-08T08:01:35.917Z - log: [Package] preview@1.0.1 enable
2023-11-08T08:01:35.944Z - log: [Package] animator@1.0.0 enable
2023-11-08T08:01:35.982Z - log: pluginManager init: 0.086ms
2023-11-08T08:01:36.084Z - warn: 
2023-11-08T08:01:36.084Z - warn: 
2023-11-08T08:01:36.084Z - warn: 
2023-11-08T08:01:36.532Z - log: [Package] builder@1.3.3 enable
2023-11-08T08:01:36.559Z - log: [Package] shortcuts@1.0.1 enable
2023-11-08T08:01:36.583Z - log: [Package] animation-graph@1.0.0 enable
2023-11-08T08:01:36.609Z - log: [Package] about@1.0.0 enable
2023-11-08T08:01:36.636Z - log: [Package] assets@1.0.0 enable
2023-11-08T08:01:36.663Z - log: [Package] console@1.0.0 enable
2023-11-08T08:01:36.767Z - log: [Package] extension@3.0.16 enable
2023-11-08T08:01:36.792Z - log: [Package] hierarchy@1.0.0 enable
2023-11-08T08:01:36.820Z - log: [Package] inspector@1.0.0 enable
2023-11-08T08:01:36.845Z - log: [Package] lightmap@1.0.4 enable
2023-11-08T08:01:37.062Z - log: [Package] localization-editor@1.0.0 enable
2023-11-08T08:01:37.068Z - log: [Build-plugin] register pkg localization-editor: 4.055ms
2023-11-08T08:01:37.090Z - log: [Package] node-library@1.0.1 enable
2023-11-08T08:01:37.113Z - log: [Package] package-asset@1.0.0 enable
2023-11-08T08:01:37.136Z - log: [Package] process@1.0.0 enable
2023-11-08T08:01:37.159Z - log: [Package] reference-image@1.0.0 enable
2023-11-08T08:01:37.183Z - log: [Package] alipay-mini-game@1.0.1 enable
2023-11-08T08:01:37.186Z - log: [Build-plugin] register pkg alipay-mini-game: 1.996ms
2023-11-08T08:01:37.209Z - log: [Package] android@1.0.1 enable
2023-11-08T08:01:37.212Z - log: [Build-plugin] register pkg android: 2.806ms
2023-11-08T08:01:37.254Z - log: [Package] baidu-mini-game@1.0.1 enable
2023-11-08T08:01:37.255Z - log: [Build-plugin] register pkg baidu-mini-game: 0.513ms
2023-11-08T08:01:37.279Z - log: [Package] bytedance-mini-game@1.0.2 enable
2023-11-08T08:01:37.281Z - log: [Build-plugin] register pkg bytedance-mini-game: 1.203ms
2023-11-08T08:01:37.303Z - log: [Package] certificate@1.0.0 enable
2023-11-08T08:01:37.329Z - log: [Package] channel-upload-tools@1.0.0 enable
2023-11-08T08:01:37.356Z - log: [Package] cocos-play@1.0.1 enable
2023-11-08T08:01:37.358Z - log: [Build-plugin] register pkg cocos-play: 1.885ms
2023-11-08T08:01:37.383Z - log: [Package] huawei-agc@1.0.0 enable
2023-11-08T08:01:37.384Z - log: [Build-plugin] register pkg huawei-agc: 1.398ms
2023-11-08T08:01:37.408Z - log: [Package] huawei-quick-game@1.0.1 enable
2023-11-08T08:01:37.410Z - log: [Build-plugin] register pkg huawei-quick-game: 1.835ms
2023-11-08T08:01:37.599Z - log: [Package] ios@1.0.0 enable
2023-11-08T08:01:37.602Z - log: [Build-plugin] register pkg ios: 2.67ms
2023-11-08T08:01:37.628Z - log: [Package] linux@1.0.0 enable
2023-11-08T08:01:37.629Z - log: [Build-plugin] register pkg linux: 0.544ms
2023-11-08T08:01:37.655Z - log: [Package] mac@1.0.0 enable
2023-11-08T08:01:37.657Z - log: [Build-plugin] register pkg mac: 2.088ms
2023-11-08T08:01:37.720Z - log: [Package] native@1.0.2 enable
2023-11-08T08:01:37.723Z - log: [Build-plugin] register pkg native: 2.833ms
2023-11-08T08:01:37.743Z - log: [Package] ohos@1.0.0 enable
2023-11-08T08:01:37.745Z - log: [Build-plugin] register pkg ohos: 1.69ms
2023-11-08T08:01:37.770Z - log: [Package] open-harmonyos@1.0.0 enable
2023-11-08T08:01:37.771Z - log: [Build-plugin] register pkg open-harmonyos: 0.459ms
2023-11-08T08:01:37.797Z - log: [Package] oppo-mini-game@1.0.1 enable
2023-11-08T08:01:37.799Z - log: [Build-plugin] register pkg oppo-mini-game: 1.987ms
2023-11-08T08:01:37.823Z - log: [Package] runtime-dev-tools@1.0.0 enable
2023-11-08T08:01:37.849Z - log: [Package] taobao-creative-app@1.0.0 enable
2023-11-08T08:01:37.851Z - log: [Build-plugin] register pkg taobao-creative-app: 1.81ms
2023-11-08T08:01:37.874Z - log: [Package] vivo-mini-game@1.0.1 enable
2023-11-08T08:01:37.877Z - log: [Build-plugin] register pkg vivo-mini-game: 2.04ms
2023-11-08T08:01:37.913Z - log: [Package] web-desktop@1.0.1 enable
2023-11-08T08:01:37.915Z - log: [Build-plugin] register pkg web-desktop: 1.608ms
2023-11-08T08:01:37.947Z - log: [Package] web-mobile@1.0.1 enable
2023-11-08T08:01:37.949Z - log: [Build-plugin] register pkg web-mobile: 1.61ms
2023-11-08T08:01:37.974Z - log: [Package] wechatgame@1.0.2 enable
2023-11-08T08:01:37.976Z - log: [Build-plugin] register pkg wechatgame: 1.847ms
2023-11-08T08:01:37.998Z - log: [Package] windows@1.0.1 enable
2023-11-08T08:01:38.000Z - log: [Build-plugin] register pkg windows: 1.56ms
2023-11-08T08:01:38.021Z - log: [Package] xiaomi-quick-game@1.0.1 enable
2023-11-08T08:01:38.023Z - log: [Build-plugin] register pkg xiaomi-quick-game: 1.934ms
2023-11-08T08:01:38.166Z - log: [Package] cocos-service@3.0.7 enable
2023-11-08T08:01:38.167Z - log: [Build-plugin] register pkg cocos-service: 0.892ms
2023-11-08T08:01:38.195Z - log: [Package] importer@1.1.0 enable
2023-11-08T08:01:38.331Z - log: [Im-plugin] Check im-plugin version.
2023-11-08T08:01:38.334Z - log: [Package] im-plugin@3.0.9 enable
2023-11-08T08:01:39.947Z - log: [Scene] Please specifiy a default value for "cc.EditorExtendable.__editorExtras__" property at its declaration:

 
// Before:
@property(...)
myProp;
// After:
@property(...)
myProp = 0;
2023-11-08T08:01:39.958Z - log: [Scene] Please specifiy a default value for "CCPropertyOverrideInfo.value" property at its declaration:

 
// Before:
@property(...)
myProp;
// After:
@property(...)
myProp = 0;
2023-11-08T08:01:39.959Z - log: [Scene] Please specifiy a default value for "cc.PrefabInfo.asset" property at its declaration:

 
// Before:
@property(...)
myProp;
// After:
@property(...)
myProp = 0;
2023-11-08T08:01:39.959Z - log: [Scene] Please specifiy a default value for "cc.PrefabInfo.nestedPrefabInstanceRoots" property at its declaration:

 
// Before:
@property(...)
myProp;
// After:
@property(...)
myProp = 0;
2023-11-08T08:01:39.960Z - log: [Scene] The 'default' attribute of 'ColorDesc.beginAccesses' must be an array
2023-11-08T08:01:39.960Z - log: [Scene] The 'default' attribute of 'ColorDesc.endAccesses' must be an array
2023-11-08T08:01:39.967Z - log: [Scene] Please specifiy a default value for "cc.animation.TrackBinding.proxy" property at its declaration:

 
// Before:
@property(...)
myProp;
// After:
@property(...)
myProp = 0;
2023-11-08T08:01:39.967Z - log: [Scene] Please specifiy a default value for "cc.animation.Channel._curve" property at its declaration:

 
// Before:
@property(...)
myProp;
// After:
@property(...)
myProp = 0;
2023-11-08T08:01:39.967Z - log: [Scene] Please specifiy a default value for "cc.animation.SingleChannelTrack._channel" property at its declaration:

 
// Before:
@property(...)
myProp;
// After:
@property(...)
myProp = 0;
2023-11-08T08:01:39.967Z - log: [Scene] Please specifiy a default value for "cc.animation.VectorTrack._channels" property at its declaration:

 
// Before:
@property(...)
myProp;
// After:
@property(...)
myProp = 0;
2023-11-08T08:01:39.967Z - log: [Scene] Please specifiy a default value for "cc.animation.ColorTrack._channels" property at its declaration:

 
// Before:
@property(...)
myProp;
// After:
@property(...)
myProp = 0;
2023-11-08T08:01:39.967Z - log: [Scene] Please specifiy a default value for "cc.animation.SizeTrack._channels" property at its declaration:

 
// Before:
@property(...)
myProp;
// After:
@property(...)
myProp = 0;
2023-11-08T08:01:39.968Z - log: [Scene] Please specifiy a default value for "cc.animation.Transition.from" property at its declaration:

 
// Before:
@property(...)
myProp;
// After:
@property(...)
myProp = 0;
2023-11-08T08:01:39.968Z - log: [Scene] Please specifiy a default value for "cc.animation.Transition.to" property at its declaration:

 
// Before:
@property(...)
myProp;
// After:
@property(...)
myProp = 0;
2023-11-08T08:01:39.968Z - log: [Scene] Please specifiy a default value for "cc.animation.StateMachine._entryState" property at its declaration:

 
// Before:
@property(...)
myProp;
// After:
@property(...)
myProp = 0;
2023-11-08T08:01:39.968Z - log: [Scene] Please specifiy a default value for "cc.animation.StateMachine._exitState" property at its declaration:

 
// Before:
@property(...)
myProp;
// After:
@property(...)
myProp = 0;
2023-11-08T08:01:39.968Z - log: [Scene] Please specifiy a default value for "cc.animation.StateMachine._anyState" property at its declaration:

 
// Before:
@property(...)
myProp;
// After:
@property(...)
myProp = 0;
2023-11-08T08:01:39.968Z - log: [Scene] Please specifiy a default value for "cc.animation.Layer._stateMachine" property at its declaration:

 
// Before:
@property(...)
myProp;
// After:
@property(...)
myProp = 0;
2023-11-08T08:01:39.968Z - log: [Scene] Please specifiy a default value for "cc.animation.ExoticVectorLikeTrackValues._values" property at its declaration:

 
// Before:
@property(...)
myProp;
// After:
@property(...)
myProp = 0;
2023-11-08T08:01:39.968Z - log: [Scene] Please specifiy a default value for "cc.animation.ExoticVectorLikeTrackValues._isQuantized" property at its declaration:

 
// Before:
@property(...)
myProp;
// After:
@property(...)
myProp = 0;
2023-11-08T08:01:39.968Z - log: [Scene] Please specifiy a default value for "cc.animation.ExoticTrack.times" property at its declaration:

 
// Before:
@property(...)
myProp;
// After:
@property(...)
myProp = 0;
2023-11-08T08:01:39.968Z - log: [Scene] Please specifiy a default value for "cc.animation.ExoticTrack.values" property at its declaration:

 
// Before:
@property(...)
myProp;
// After:
@property(...)
myProp = 0;
2023-11-08T08:01:39.968Z - log: [Scene] Please specifiy a default value for "cc.animation.QuantizedFloatArray.originalPrecision" property at its declaration:

 
// Before:
@property(...)
myProp;
// After:
@property(...)
myProp = 0;
2023-11-08T08:01:39.968Z - log: [Scene] Please specifiy a default value for "cc.animation.QuantizedFloatArray.min" property at its declaration:

 
// Before:
@property(...)
myProp;
// After:
@property(...)
myProp = 0;
2023-11-08T08:01:39.968Z - log: [Scene] Please specifiy a default value for "cc.animation.QuantizedFloatArray.extent" property at its declaration:

 
// Before:
@property(...)
myProp;
// After:
@property(...)
myProp = 0;
2023-11-08T08:01:39.968Z - log: [Scene] Please specifiy a default value for "cc.animation.QuantizedFloatArray.values" property at its declaration:

 
// Before:
@property(...)
myProp;
// After:
@property(...)
myProp = 0;
2023-11-08T08:01:39.985Z - log: [Scene] 'cc.ParticleSystem2D.color' hides inherited property 'cc.UIRenderer.color'. To make the current property override that implementation, add the `override: true` attribute please.
2023-11-08T08:01:40.005Z - log: [Scene] No needs to indicate the 'cc.Boolean' attribute for "cc.Terrain._receiveShadow", which its default value is type of Boolean.
2023-11-08T08:01:40.005Z - log: [Scene] No needs to indicate the 'cc.Boolean' attribute for "cc.Terrain._useNormalmap", which its default value is type of Boolean.
2023-11-08T08:01:40.005Z - log: [Scene] No needs to indicate the 'cc.Boolean' attribute for "cc.Terrain._usePBR", which its default value is type of Boolean.
2023-11-08T08:01:40.005Z - log: [Scene] No needs to indicate the 'cc.Boolean' attribute for "cc.Terrain._lodEnable", which its default value is type of Boolean.
2023-11-08T08:01:40.008Z - log: [Scene] Can not declare sp.Skeleton._updateBuiltinMaterial, it is already defined in the prototype of sp.Skeleton
2023-11-08T08:01:40.008Z - log: [Scene] Can not declare sp.Skeleton.updateMaterial, it is already defined in the prototype of sp.Skeleton
2023-11-08T08:01:40.010Z - log: [Scene] Can not declare dragonBones.ArmatureDisplay._updateBuiltinMaterial, it is already defined in the prototype of dragonBones.ArmatureDisplay
2023-11-08T08:01:40.011Z - log: [Scene] Can not declare dragonBones.ArmatureDisplay.updateMaterial, it is already defined in the prototype of dragonBones.ArmatureDisplay
2023-11-08T08:01:40.072Z - info: [Scene] [Physics][Bullet]: Using asmjs Bullet libs.
2023-11-08T08:01:40.078Z - info: [Scene] [PHYSICS]: using builtin.
2023-11-08T08:01:40.156Z - log: [Scene] Cocos Creator v3.6.3
2023-11-08T08:01:40.157Z - info: [Scene] Forward render pipeline initialized.
2023-11-08T08:01:41.074Z - log: [Im-plugin] No online info of im-plugin.
2023-11-08T08:04:29.617Z - log: [Window] Deprecated as of 10.7.0. highlight(lang, code, ...args) has been deprecated.
2023-11-08T08:04:29.617Z - log: [Window] Deprecated as of 10.7.0. Please use highlight(code, options) instead.
https://github.com/highlightjs/highlight.js/issues/2277
2023-11-08T08:04:32.945Z - error: [Scene] {hidden(::SceneExecutorImportExceptionHandler::)} Error: Error: 在加载模块文件 /Users/bane/cocos-3.x-qrcode2/assets/scripts/QRCode.ts 时发生错误：Error: ENOENT: no such file or directory, open '/Users/bane/cocos-3.x-qrcode2/assets/scripts/QRCode.ts'
    at Object.execute (file:///Users/bane/cocos-3.x-qrcode2/temp/programming/packer-driver/targets/editor/chunks/c3/data:text/javascript,%0A%2F%2F%20This%20module%20is%20auto-generated%20to%20report%20error%20emitted%20when%20try%20to%20load%20module%20file%3A%2F%2F%2FUsers%2Fbane%2Fcocos-3.x-qrcode2%2Fassets%2Fscripts%2FQRCode.ts%20at%20runtime.%0Athrow%20new%20Error(%60Error%3A%20%E5%9C%A8%E5%8A%A0%E8%BD%BD%E6%A8%A1%E5%9D%97%E6%96%87%E4%BB%B6%20%2FUsers%2Fbane%2Fcocos-3.x-qrcode2%2Fassets%2Fscripts%2FQRCode.ts%20%E6%97%B6%E5%8F%91%E7%94%9F%E9%94%99%E8%AF%AF%EF%BC%9AError%3A%20ENOENT%3A%20no%20such%20file%20or%20directory%2C%20open%20'%2FUsers%2Fbane%2Fcocos-3.x-qrcode2%2Fassets%2Fscripts%2FQRCode.ts'%60)%3B%0A%20%20%20%20%20%20%20%20:3:7)
    at doExec (/Applications/CocosCreator/Creator/3.6.3/CocosCreator.app/Contents/Resources/app.asar/node_modules/@editor/lib-programming/static/executor/systemjs-bridge/out/index.js:517:30)
    at postOrderExec (/Applications/CocosCreator/Creator/3.6.3/CocosCreator.app/Contents/Resources/app.asar/node_modules/@editor/lib-programming/static/executor/systemjs-bridge/out/index.js:508:21)
    at /Applications/CocosCreator/Creator/3.6.3/CocosCreator.app/Contents/Resources/app.asar/node_modules/@editor/lib-programming/static/executor/systemjs-bridge/out/index.js:493:28
    at Array.forEach (<anonymous>)
    at postOrderExec (/Applications/CocosCreator/Creator/3.6.3/CocosCreator.app/Contents/Resources/app.asar/node_modules/@editor/lib-programming/static/executor/systemjs-bridge/out/index.js:491:10)
    at /Applications/CocosCreator/Creator/3.6.3/CocosCreator.app/Contents/Resources/app.asar/node_modules/@editor/lib-programming/static/executor/systemjs-bridge/out/index.js:440:12
    at file:///Users/bane/cocos-3.x-qrcode2/temp/programming/packer-driver/targets/editor/chunks/74/cce:/internal/x/prerequisite-imports:8:13
    at Object.execute (file:///Users/bane/cocos-3.x-qrcode2/temp/programming/packer-driver/targets/editor/chunks/74/cce:/internal/x/prerequisite-imports:4:1)
    at Executor._importPrerequisiteModules (/Applications/CocosCreator/Creator/3.6.3/CocosCreator.app/Contents/Resources/app.asar/node_modules/@editor/lib-programming/src/executor/index.ts:263:13)Error: [Scene] {hidden(::SceneExecutorImportExceptionHandler::)} Error: Error: 在加载模块文件 /Users/bane/cocos-3.x-qrcode2/assets/scripts/QRCode.ts 时发生错误：Error: ENOENT: no such file or directory, open '/Users/bane/cocos-3.x-qrcode2/assets/scripts/QRCode.ts'
    at /Applications/CocosCreator/Creator/3.6.3/CocosCreator.app/Contents/Resources/app.asar/node_modules/@editor/lib-programming/static/executor/systemjs-bridge/out/index.js:493:28
    at Array.forEach (<anonymous>)
    at postOrderExec (/Applications/CocosCreator/Creator/3.6.3/CocosCreator.app/Contents/Resources/app.asar/node_modules/@editor/lib-programming/static/executor/systemjs-bridge/out/index.js:491:10)
    at /Applications/CocosCreator/Creator/3.6.3/CocosCreator.app/Contents/Resources/app.asar/node_modules/@editor/lib-programming/static/executor/systemjs-bridge/out/index.js:440:12
    at file:///Users/bane/cocos-3.x-qrcode2/temp/programming/packer-driver/targets/editor/chunks/74/cce:/internal/x/prerequisite-imports:8:13
    at Object.execute (file:///Users/bane/cocos-3.x-qrcode2/temp/programming/packer-driver/targets/editor/chunks/74/cce:/internal/x/prerequisite-imports:4:1)
    at Executor._importPrerequisiteModules (/Applications/CocosCreator/Creator/3.6.3/CocosCreator.app/Contents/Resources/app.asar/node_modules/@editor/lib-programming/src/executor/index.ts:263:13)
    at Logger._logHandler (/Applications/CocosCreator/Creator/3.6.3/CocosCreator.app/Contents/Resources/app.asar/builtin/scene/dist/script/3d/manager/startup/log.ccc:1:318)
    at Logger.record (/Applications/CocosCreator/Creator/3.6.3/CocosCreator.app/Contents/Resources/app.asar/node_modules/@base/electron-logger/lib/renderer.ccc:1:458)
    at console.error (/Applications/CocosCreator/Creator/3.6.3/CocosCreator.app/Contents/Resources/app.asar/node_modules/@base/electron-logger/lib/renderer.ccc:1:1414)
    at ScriptManager._handleImportException (/Applications/CocosCreator/Creator/3.6.3/CocosCreator.app/Contents/Resources/app.asar/builtin/scene/dist/script/3d/manager/scripts.ccc:1:5375)
    at Executor.importExceptionHandler [as _importExceptionHandler] (/Applications/CocosCreator/Creator/3.6.3/CocosCreator.app/Contents/Resources/app.asar/builtin/scene/dist/script/3d/manager/scripts.ccc:1:3367)
    at Executor._onModuleLoaded (/Applications/CocosCreator/Creator/3.6.3/CocosCreator.app/Contents/Resources/app.asar/node_modules/@editor/lib-programming/src/executor/index.ts:312:22)
    at SystemJS.onload (/Applications/CocosCreator/Creator/3.6.3/CocosCreator.app/Contents/Resources/app.asar/node_modules/@editor/lib-programming/src/executor/index.ts:73:18)
    at triggerOnload (/Applications/CocosCreator/Creator/3.6.3/CocosCreator.app/Contents/Resources/app.asar/node_modules/@editor/lib-programming/static/executor/systemjs-bridge/out/index.js:270:10)
    at doExec (/Applications/CocosCreator/Creator/3.6.3/CocosCreator.app/Contents/Resources/app.asar/node_modules/@editor/lib-programming/static/executor/systemjs-bridge/out/index.js:538:7)
    at postOrderExec (/Applications/CocosCreator/Creator/3.6.3/CocosCreator.app/Contents/Resources/app.asar/node_modules/@editor/lib-programming/static/executor/systemjs-bridge/out/index.js:508:21)
2023-11-08T08:04:32.951Z - warn: [Scene] Missing class: a7f41Qg7T5If4r0WgMkIoYcError: [Scene] Missing class: a7f41Qg7T5If4r0WgMkIoYc
    at Object.classFinder (/Applications/CocosCreator/Creator/3.6.3/CocosCreator.app/Contents/Resources/app.asar/builtin/engine/dist/editor-extends/missing-reporter/missing-class-reporter.ccc:1:2131)
    at _Deserializer.classFinder [as _classFinder] (/Applications/CocosCreator/Creator/3.6.3/CocosCreator.app/Contents/Resources/resources/3d/engine/bin/.cache/dev/editor/bundled/index.js:100339:34)
    at _Deserializer._deserializeTypeTaggedObject (/Applications/CocosCreator/Creator/3.6.3/CocosCreator.app/Contents/Resources/resources/3d/engine/bin/.cache/dev/editor/bundled/index.js:119370:30)
    at _Deserializer._deserializeObject (/Applications/CocosCreator/Creator/3.6.3/CocosCreator.app/Contents/Resources/resources/3d/engine/bin/.cache/dev/editor/bundled/index.js:119311:29)
    at _Deserializer._deserializeAndAssignField (/Applications/CocosCreator/Creator/3.6.3/CocosCreator.app/Contents/Resources/resources/3d/engine/bin/.cache/dev/editor/bundled/index.js:119519:38)
    at _Deserializer._deserializeArray (/Applications/CocosCreator/Creator/3.6.3/CocosCreator.app/Contents/Resources/resources/3d/engine/bin/.cache/dev/editor/bundled/index.js:119345:40)
    at _Deserializer._deserializeObject (/Applications/CocosCreator/Creator/3.6.3/CocosCreator.app/Contents/Resources/resources/3d/engine/bin/.cache/dev/editor/bundled/index.js:119317:29)
2023-11-08T08:04:32.984Z - error: [Scene] Script "a7f41Qg7T5If4r0WgMkIoYc" attached to "Node" is missing or invalid. Detailed information:
Node path: "should_hide_in_hierarchy/Node"
Script UUID: "a7f41420-ed3e-487f-8af4-5a032422861c"
Class ID: "a7f41Qg7T5If4r0WgMkIoYc"
Error: [Scene] Script "a7f41Qg7T5If4r0WgMkIoYc" attached to "Node" is missing or invalid. Detailed information:
Node path: "should_hide_in_hierarchy/Node"
Script UUID: "a7f41420-ed3e-487f-8af4-5a032422861c"
Class ID: "a7f41Qg7T5If4r0WgMkIoYc"

    at report (/Applications/CocosCreator/Creator/3.6.3/CocosCreator.app/Contents/Resources/app.asar/builtin/engine/dist/editor-extends/missing-reporter/missing-class-reporter.ccc:1:1156)
    at reportByWalker (/Applications/CocosCreator/Creator/3.6.3/CocosCreator.app/Contents/Resources/app.asar/builtin/engine/dist/editor-extends/missing-reporter/missing-class-reporter.ccc:1:1252)
    at /Applications/CocosCreator/Creator/3.6.3/CocosCreator.app/Contents/Resources/app.asar/builtin/engine/dist/editor-extends/missing-reporter/missing-class-reporter.ccc:1:1893
    at ObjectWalkerBehavior.walk (/Applications/CocosCreator/Creator/3.6.3/CocosCreator.app/Contents/Resources/app.asar/builtin/engine/dist/editor-extends/missing-reporter/object-walker.ccc:1:2365)
    at ObjectWalkerBehavior.forEach (/Applications/CocosCreator/Creator/3.6.3/CocosCreator.app/Contents/Resources/app.asar/builtin/engine/dist/editor-extends/missing-reporter/object-walker.ccc:1:825)
    at ObjectWalkerBehavior.parseObject (/Applications/CocosCreator/Creator/3.6.3/CocosCreator.app/Contents/Resources/app.asar/builtin/engine/dist/editor-extends/missing-reporter/object-walker.ccc:1:306)
    at doWalkProperties (/Applications/CocosCreator/Creator/3.6.3/CocosCreator.app/Contents/Resources/app.asar/builtin/engine/dist/editor-extends/missing-reporter/object-walker.ccc:1:2158)
2023-11-08T08:04:32.988Z - warn: [Scene] Missing class: a7f41Qg7T5If4r0WgMkIoYcError: [Scene] Missing class: a7f41Qg7T5If4r0WgMkIoYc
    at Object.classFinder (/Applications/CocosCreator/Creator/3.6.3/CocosCreator.app/Contents/Resources/app.asar/builtin/engine/dist/editor-extends/missing-reporter/missing-class-reporter.ccc:1:2131)
    at _Deserializer.classFinder [as _classFinder] (/Applications/CocosCreator/Creator/3.6.3/CocosCreator.app/Contents/Resources/resources/3d/engine/bin/.cache/dev/editor/bundled/index.js:100339:34)
    at _Deserializer._deserializeTypeTaggedObject (/Applications/CocosCreator/Creator/3.6.3/CocosCreator.app/Contents/Resources/resources/3d/engine/bin/.cache/dev/editor/bundled/index.js:119370:30)
    at _Deserializer._deserializeObject (/Applications/CocosCreator/Creator/3.6.3/CocosCreator.app/Contents/Resources/resources/3d/engine/bin/.cache/dev/editor/bundled/index.js:119311:29)
    at _Deserializer._deserializeAndAssignField (/Applications/CocosCreator/Creator/3.6.3/CocosCreator.app/Contents/Resources/resources/3d/engine/bin/.cache/dev/editor/bundled/index.js:119519:38)
    at _Deserializer._deserializeArray (/Applications/CocosCreator/Creator/3.6.3/CocosCreator.app/Contents/Resources/resources/3d/engine/bin/.cache/dev/editor/bundled/index.js:119345:40)
    at _Deserializer._deserializeObject (/Applications/CocosCreator/Creator/3.6.3/CocosCreator.app/Contents/Resources/resources/3d/engine/bin/.cache/dev/editor/bundled/index.js:119317:29)
2023-11-08T08:04:32.989Z - error: [Scene] Script "a7f41Qg7T5If4r0WgMkIoYc" attached to "Node" is missing or invalid. Detailed information:
Node path: "Node"
Script UUID: "a7f41420-ed3e-487f-8af4-5a032422861c"
Class ID: "a7f41Qg7T5If4r0WgMkIoYc"
Error: [Scene] Script "a7f41Qg7T5If4r0WgMkIoYc" attached to "Node" is missing or invalid. Detailed information:
Node path: "Node"
Script UUID: "a7f41420-ed3e-487f-8af4-5a032422861c"
Class ID: "a7f41Qg7T5If4r0WgMkIoYc"

    at report (/Applications/CocosCreator/Creator/3.6.3/CocosCreator.app/Contents/Resources/app.asar/builtin/engine/dist/editor-extends/missing-reporter/missing-class-reporter.ccc:1:1156)
    at reportByWalker (/Applications/CocosCreator/Creator/3.6.3/CocosCreator.app/Contents/Resources/app.asar/builtin/engine/dist/editor-extends/missing-reporter/missing-class-reporter.ccc:1:1252)
    at /Applications/CocosCreator/Creator/3.6.3/CocosCreator.app/Contents/Resources/app.asar/builtin/engine/dist/editor-extends/missing-reporter/missing-class-reporter.ccc:1:1893
    at ObjectWalkerBehavior.walk (/Applications/CocosCreator/Creator/3.6.3/CocosCreator.app/Contents/Resources/app.asar/builtin/engine/dist/editor-extends/missing-reporter/object-walker.ccc:1:2365)
    at ObjectWalkerBehavior.forEach (/Applications/CocosCreator/Creator/3.6.3/CocosCreator.app/Contents/Resources/app.asar/builtin/engine/dist/editor-extends/missing-reporter/object-walker.ccc:1:825)
    at ObjectWalkerBehavior.parseObject (/Applications/CocosCreator/Creator/3.6.3/CocosCreator.app/Contents/Resources/app.asar/builtin/engine/dist/editor-extends/missing-reporter/object-walker.ccc:1:306)
    at doWalkProperties (/Applications/CocosCreator/Creator/3.6.3/CocosCreator.app/Contents/Resources/app.asar/builtin/engine/dist/editor-extends/missing-reporter/object-walker.ccc:1:2158)
