debug: Wed, 08 Nov 2023 06:20:33 GMT
debug: Project: /Users/bane/cocos-3.x-qrcode2
debug: Targets: editor,preview
debug: Incremental file seems great.
debug: Engine path: /Applications/CocosCreator/Creator/3.6.3/CocosCreator.app/Contents/Resources/resources/3d/engine
debug: Initializing target [Editor]
debug: Loading cache
debug: Loading cache costs 3.3474589586257935ms.
debug: Engine features shipped in editor: base,gfx-webgl,gfx-webgl2,3d,animation,skeletal-animation,2d,ui,particle,particle-2d,physics-framework,physics-2d-framework,intersection-2d,primitive,profiler,occlusion-query,geometry-renderer,debug-renderer,audio,video,xr,terrain,webview,tween,tiled-map,spine,dragon-bones,marionette,custom-pipeline
debug: Our import map(foo:/bar): {
  "imports": {
    "cc": "cce:/internal/x/cc"
  }
}
debug: Initializing target [Preview]
debug: Loading cache
debug: Loading cache costs 1.5815419554710388ms.
debug: Our import map(foo:/bar): {
  "imports": {
    "cc": "cce:/internal/x/cc"
  }
}
debug: Sync engine features: 2d,animation,audio,base,dragon-bones,gfx-webgl,gfx-webgl2,intersection-2d,particle-2d,physics-2d-box2d,profiler,spine,tiled-map,tween,ui,video,webview
debug: Reset databases. Enumerated domains: [
  {
    "root": "db://internal/",
    "physical": "/Applications/CocosCreator/Creator/3.6.3/CocosCreator.app/Contents/Resources/resources/3d/engine/editor/assets"
  },
  {
    "root": "db://assets/",
    "physical": "/Users/bane/cocos-3.x-qrcode2/assets"
  }
]
debug: Our import map(foo:/bar): {
  "imports": {
    "cc": "cce:/internal/x/cc",
    "db://internal/": "file:///Applications/CocosCreator/Creator/3.6.3/CocosCreator.app/Contents/Resources/resources/3d/engine/editor/assets/",
    "db://assets/": "file:///Users/bane/cocos-3.x-qrcode2/assets/"
  }
}
debug: Our import map(foo:/bar): {
  "imports": {
    "cc": "cce:/internal/x/cc",
    "db://internal/": "file:///Applications/CocosCreator/Creator/3.6.3/CocosCreator.app/Contents/Resources/resources/3d/engine/editor/assets/",
    "db://assets/": "file:///Users/bane/cocos-3.x-qrcode2/assets/"
  }
}
debug: Pulling asset-db.
debug: Fetch asset-db cost: 27.062000036239624ms.
debug: Build iteration starts.
Number of accumulated asset changes: 9
Feature changed: false
debug: Target(editor) build started.
debug: Detected change: cce:/internal/x/cc. Last mtime: Thu Jan 01 1970 08:00:03 GMT+0800 (中国标准时间), Current mtime: Thu Jan 01 1970 08:00:03 GMT+0800 (中国标准时间)
debug: Inspect cce:/internal/x/cc
debug: Resolve cce:/internal/x/cc-fu/base from cce:/internal/x/cc as external dependency cce:/internal/x/cc-fu/base.
debug: Resolve cce:/internal/x/cc-fu/gfx-webgl from cce:/internal/x/cc as external dependency cce:/internal/x/cc-fu/gfx-webgl.
debug: Resolve cce:/internal/x/cc-fu/gfx-webgl2 from cce:/internal/x/cc as external dependency cce:/internal/x/cc-fu/gfx-webgl2.
debug: Resolve cce:/internal/x/cc-fu/3d from cce:/internal/x/cc as external dependency cce:/internal/x/cc-fu/3d.
debug: Resolve cce:/internal/x/cc-fu/animation from cce:/internal/x/cc as external dependency cce:/internal/x/cc-fu/animation.
debug: Resolve cce:/internal/x/cc-fu/skeletal-animation from cce:/internal/x/cc as external dependency cce:/internal/x/cc-fu/skeletal-animation.
debug: Resolve cce:/internal/x/cc-fu/2d from cce:/internal/x/cc as external dependency cce:/internal/x/cc-fu/2d.
debug: Resolve cce:/internal/x/cc-fu/ui from cce:/internal/x/cc as external dependency cce:/internal/x/cc-fu/ui.
debug: Resolve cce:/internal/x/cc-fu/particle from cce:/internal/x/cc as external dependency cce:/internal/x/cc-fu/particle.
debug: Resolve cce:/internal/x/cc-fu/particle-2d from cce:/internal/x/cc as external dependency cce:/internal/x/cc-fu/particle-2d.
debug: Resolve cce:/internal/x/cc-fu/physics-framework from cce:/internal/x/cc as external dependency cce:/internal/x/cc-fu/physics-framework.
debug: Resolve cce:/internal/x/cc-fu/physics-2d-framework from cce:/internal/x/cc as external dependency cce:/internal/x/cc-fu/physics-2d-framework.
debug: Resolve cce:/internal/x/cc-fu/intersection-2d from cce:/internal/x/cc as external dependency cce:/internal/x/cc-fu/intersection-2d.
debug: Resolve cce:/internal/x/cc-fu/primitive from cce:/internal/x/cc as external dependency cce:/internal/x/cc-fu/primitive.
debug: Resolve cce:/internal/x/cc-fu/profiler from cce:/internal/x/cc as external dependency cce:/internal/x/cc-fu/profiler.
debug: Resolve cce:/internal/x/cc-fu/geometry-renderer from cce:/internal/x/cc as external dependency cce:/internal/x/cc-fu/geometry-renderer.
debug: Resolve cce:/internal/x/cc-fu/audio from cce:/internal/x/cc as external dependency cce:/internal/x/cc-fu/audio.
debug: Resolve cce:/internal/x/cc-fu/video from cce:/internal/x/cc as external dependency cce:/internal/x/cc-fu/video.
debug: Resolve cce:/internal/x/cc-fu/xr from cce:/internal/x/cc as external dependency cce:/internal/x/cc-fu/xr.
debug: Resolve cce:/internal/x/cc-fu/terrain from cce:/internal/x/cc as external dependency cce:/internal/x/cc-fu/terrain.
debug: Resolve cce:/internal/x/cc-fu/webview from cce:/internal/x/cc as external dependency cce:/internal/x/cc-fu/webview.
debug: Resolve cce:/internal/x/cc-fu/tween from cce:/internal/x/cc as external dependency cce:/internal/x/cc-fu/tween.
debug: Resolve cce:/internal/x/cc-fu/tiled-map from cce:/internal/x/cc as external dependency cce:/internal/x/cc-fu/tiled-map.
debug: Resolve cce:/internal/x/cc-fu/spine from cce:/internal/x/cc as external dependency cce:/internal/x/cc-fu/spine.
debug: Resolve cce:/internal/x/cc-fu/dragon-bones from cce:/internal/x/cc as external dependency cce:/internal/x/cc-fu/dragon-bones.
debug: Resolve cce:/internal/x/cc-fu/custom-pipeline from cce:/internal/x/cc as external dependency cce:/internal/x/cc-fu/custom-pipeline.
debug: Detected change: cce:/internal/x/prerequisite-imports. Last mtime: Thu Jan 01 1970 09:01:48 GMT+0800 (中国标准时间), Current mtime: Thu Jan 01 1970 08:00:03 GMT+0800 (中国标准时间)
debug: Inspect cce:/internal/x/prerequisite-imports
debug: Resolve file:///Users/bane/cocos-3.x-qrcode2/assets/scripts/QR8bitByte.ts from cce:/internal/x/prerequisite-imports as file:///Users/bane/cocos-3.x-qrcode2/assets/scripts/QR8bitByte.ts.
debug: Inspect file:///Users/bane/cocos-3.x-qrcode2/assets/scripts/QR8bitByte.ts
debug: Resolve cce:/internal/code-quality/cr.mjs from file:///Users/bane/cocos-3.x-qrcode2/assets/scripts/QR8bitByte.ts as cce:/internal/code-quality/cr.mjs.
debug: Detected change: cce:/internal/code-quality/cr.mjs. Last mtime: Wed Nov 08 2023 12:09:05 GMT+0800 (中国标准时间), Current mtime: Wed Nov 08 2023 14:20:29 GMT+0800 (中国标准时间)
debug: Inspect cce:/internal/code-quality/cr.mjs
debug: Resolve cc from file:///Users/bane/cocos-3.x-qrcode2/assets/scripts/QR8bitByte.ts as cce:/internal/x/cc.
debug: Resolve ./constants from file:///Users/bane/cocos-3.x-qrcode2/assets/scripts/QR8bitByte.ts as file:///Users/bane/cocos-3.x-qrcode2/assets/scripts/constants.ts.
debug: Inspect file:///Users/bane/cocos-3.x-qrcode2/assets/scripts/constants.ts
debug: Resolve cc from file:///Users/bane/cocos-3.x-qrcode2/assets/scripts/constants.ts as cce:/internal/x/cc.
debug: Resolve file:///Users/bane/cocos-3.x-qrcode2/assets/scripts/QRBitBuffer.ts from cce:/internal/x/prerequisite-imports as file:///Users/bane/cocos-3.x-qrcode2/assets/scripts/QRBitBuffer.ts.
debug: Inspect file:///Users/bane/cocos-3.x-qrcode2/assets/scripts/QRBitBuffer.ts
debug: Resolve cc from file:///Users/bane/cocos-3.x-qrcode2/assets/scripts/QRBitBuffer.ts as cce:/internal/x/cc.
debug: Resolve file:///Users/bane/cocos-3.x-qrcode2/assets/scripts/QRCode.ts from cce:/internal/x/prerequisite-imports as file:///Users/bane/cocos-3.x-qrcode2/assets/scripts/QRCode.ts.
debug: Inspect file:///Users/bane/cocos-3.x-qrcode2/assets/scripts/QRCode.ts
debug: Resolve cce:/internal/code-quality/cr.mjs from file:///Users/bane/cocos-3.x-qrcode2/assets/scripts/QRCode.ts as cce:/internal/code-quality/cr.mjs.
debug: Resolve cc from file:///Users/bane/cocos-3.x-qrcode2/assets/scripts/QRCode.ts as cce:/internal/x/cc.
debug: Resolve ./QRUtil from file:///Users/bane/cocos-3.x-qrcode2/assets/scripts/QRCode.ts as file:///Users/bane/cocos-3.x-qrcode2/assets/scripts/QRUtil.ts.
debug: Inspect file:///Users/bane/cocos-3.x-qrcode2/assets/scripts/QRUtil.ts
debug: Resolve cce:/internal/code-quality/cr.mjs from file:///Users/bane/cocos-3.x-qrcode2/assets/scripts/QRUtil.ts as cce:/internal/code-quality/cr.mjs.
debug: Resolve cc from file:///Users/bane/cocos-3.x-qrcode2/assets/scripts/QRUtil.ts as cce:/internal/x/cc.
debug: Resolve ./constants from file:///Users/bane/cocos-3.x-qrcode2/assets/scripts/QRUtil.ts as file:///Users/bane/cocos-3.x-qrcode2/assets/scripts/constants.ts.
debug: Resolve ./QRMath from file:///Users/bane/cocos-3.x-qrcode2/assets/scripts/QRUtil.ts as file:///Users/bane/cocos-3.x-qrcode2/assets/scripts/QRMath.ts.
debug: Inspect file:///Users/bane/cocos-3.x-qrcode2/assets/scripts/QRMath.ts
debug: Resolve cc from file:///Users/bane/cocos-3.x-qrcode2/assets/scripts/QRMath.ts as cce:/internal/x/cc.
debug: Resolve ./QRPolynomial from file:///Users/bane/cocos-3.x-qrcode2/assets/scripts/QRUtil.ts as file:///Users/bane/cocos-3.x-qrcode2/assets/scripts/QRPolynomial.ts.
debug: Inspect file:///Users/bane/cocos-3.x-qrcode2/assets/scripts/QRPolynomial.ts
debug: Resolve cce:/internal/code-quality/cr.mjs from file:///Users/bane/cocos-3.x-qrcode2/assets/scripts/QRPolynomial.ts as cce:/internal/code-quality/cr.mjs.
debug: Resolve cc from file:///Users/bane/cocos-3.x-qrcode2/assets/scripts/QRPolynomial.ts as cce:/internal/x/cc.
debug: Resolve ./QRMath from file:///Users/bane/cocos-3.x-qrcode2/assets/scripts/QRPolynomial.ts as file:///Users/bane/cocos-3.x-qrcode2/assets/scripts/QRMath.ts.
debug: Resolve ./QR8bitByte from file:///Users/bane/cocos-3.x-qrcode2/assets/scripts/QRCode.ts as file:///Users/bane/cocos-3.x-qrcode2/assets/scripts/QR8bitByte.ts.
debug: Resolve ./QRBitBuffer from file:///Users/bane/cocos-3.x-qrcode2/assets/scripts/QRCode.ts as file:///Users/bane/cocos-3.x-qrcode2/assets/scripts/QRBitBuffer.ts.
debug: Resolve ./QRRSBlock from file:///Users/bane/cocos-3.x-qrcode2/assets/scripts/QRCode.ts as file:///Users/bane/cocos-3.x-qrcode2/assets/scripts/QRRSBlock.ts.
debug: Inspect file:///Users/bane/cocos-3.x-qrcode2/assets/scripts/QRRSBlock.ts
debug: Resolve cce:/internal/code-quality/cr.mjs from file:///Users/bane/cocos-3.x-qrcode2/assets/scripts/QRRSBlock.ts as cce:/internal/code-quality/cr.mjs.
debug: Resolve cc from file:///Users/bane/cocos-3.x-qrcode2/assets/scripts/QRRSBlock.ts as cce:/internal/x/cc.
debug: Resolve ./constants from file:///Users/bane/cocos-3.x-qrcode2/assets/scripts/QRRSBlock.ts as file:///Users/bane/cocos-3.x-qrcode2/assets/scripts/constants.ts.
debug: Resolve ./QRPolynomial from file:///Users/bane/cocos-3.x-qrcode2/assets/scripts/QRCode.ts as file:///Users/bane/cocos-3.x-qrcode2/assets/scripts/QRPolynomial.ts.
debug: Resolve ./constants from file:///Users/bane/cocos-3.x-qrcode2/assets/scripts/QRCode.ts as file:///Users/bane/cocos-3.x-qrcode2/assets/scripts/constants.ts.
debug: Resolve ./constants from file:///Users/bane/cocos-3.x-qrcode2/assets/scripts/QRCode.ts as file:///Users/bane/cocos-3.x-qrcode2/assets/scripts/constants.ts.
debug: Resolve file:///Users/bane/cocos-3.x-qrcode2/assets/scripts/QRMath.ts from cce:/internal/x/prerequisite-imports as file:///Users/bane/cocos-3.x-qrcode2/assets/scripts/QRMath.ts.
debug: Resolve file:///Users/bane/cocos-3.x-qrcode2/assets/scripts/QRPolynomial.ts from cce:/internal/x/prerequisite-imports as file:///Users/bane/cocos-3.x-qrcode2/assets/scripts/QRPolynomial.ts.
debug: Resolve file:///Users/bane/cocos-3.x-qrcode2/assets/scripts/QRRSBlock.ts from cce:/internal/x/prerequisite-imports as file:///Users/bane/cocos-3.x-qrcode2/assets/scripts/QRRSBlock.ts.
debug: Resolve file:///Users/bane/cocos-3.x-qrcode2/assets/scripts/QRUtil.ts from cce:/internal/x/prerequisite-imports as file:///Users/bane/cocos-3.x-qrcode2/assets/scripts/QRUtil.ts.
debug: Resolve file:///Users/bane/cocos-3.x-qrcode2/assets/scripts/constants.ts from cce:/internal/x/prerequisite-imports as file:///Users/bane/cocos-3.x-qrcode2/assets/scripts/constants.ts.
debug: Resolve file:///Users/bane/cocos-3.x-qrcode2/assets/scripts/test.ts from cce:/internal/x/prerequisite-imports as file:///Users/bane/cocos-3.x-qrcode2/assets/scripts/test.ts.
debug: Inspect file:///Users/bane/cocos-3.x-qrcode2/assets/scripts/test.ts
debug: Resolve cce:/internal/code-quality/cr.mjs from file:///Users/bane/cocos-3.x-qrcode2/assets/scripts/test.ts as cce:/internal/code-quality/cr.mjs.
debug: Resolve cc from file:///Users/bane/cocos-3.x-qrcode2/assets/scripts/test.ts as cce:/internal/x/cc.
debug: Resolve cc from file:///Users/bane/cocos-3.x-qrcode2/assets/scripts/test.ts as cce:/internal/x/cc.
debug: Resolve cc from file:///Users/bane/cocos-3.x-qrcode2/assets/scripts/test.ts as cce:/internal/x/cc.
debug: Resolve ./QRCode from file:///Users/bane/cocos-3.x-qrcode2/assets/scripts/test.ts as file:///Users/bane/cocos-3.x-qrcode2/assets/scripts/QRCode.ts.
debug: Resolve cc from file:///Users/bane/cocos-3.x-qrcode2/assets/scripts/test.ts as cce:/internal/x/cc.
debug: Target(editor) ends with cost 311.2064999938011ms.
debug: Target(preview) build started.
debug: Detected change: cce:/internal/x/cc. Last mtime: Thu Jan 01 1970 08:00:03 GMT+0800 (中国标准时间), Current mtime: Thu Jan 01 1970 08:00:03 GMT+0800 (中国标准时间)
debug: Inspect cce:/internal/x/cc
debug: Resolve cce:/internal/x/cc-fu/2d from cce:/internal/x/cc as external dependency cce:/internal/x/cc-fu/2d.
debug: Resolve cce:/internal/x/cc-fu/animation from cce:/internal/x/cc as external dependency cce:/internal/x/cc-fu/animation.
debug: Resolve cce:/internal/x/cc-fu/audio from cce:/internal/x/cc as external dependency cce:/internal/x/cc-fu/audio.
debug: Resolve cce:/internal/x/cc-fu/base from cce:/internal/x/cc as external dependency cce:/internal/x/cc-fu/base.
debug: Resolve cce:/internal/x/cc-fu/dragon-bones from cce:/internal/x/cc as external dependency cce:/internal/x/cc-fu/dragon-bones.
debug: Resolve cce:/internal/x/cc-fu/gfx-webgl from cce:/internal/x/cc as external dependency cce:/internal/x/cc-fu/gfx-webgl.
debug: Resolve cce:/internal/x/cc-fu/gfx-webgl2 from cce:/internal/x/cc as external dependency cce:/internal/x/cc-fu/gfx-webgl2.
debug: Resolve cce:/internal/x/cc-fu/intersection-2d from cce:/internal/x/cc as external dependency cce:/internal/x/cc-fu/intersection-2d.
debug: Resolve cce:/internal/x/cc-fu/particle-2d from cce:/internal/x/cc as external dependency cce:/internal/x/cc-fu/particle-2d.
debug: Resolve cce:/internal/x/cc-fu/physics-2d-box2d from cce:/internal/x/cc as external dependency cce:/internal/x/cc-fu/physics-2d-box2d.
debug: Resolve cce:/internal/x/cc-fu/physics-2d-framework from cce:/internal/x/cc as external dependency cce:/internal/x/cc-fu/physics-2d-framework.
debug: Resolve cce:/internal/x/cc-fu/profiler from cce:/internal/x/cc as external dependency cce:/internal/x/cc-fu/profiler.
debug: Resolve cce:/internal/x/cc-fu/spine from cce:/internal/x/cc as external dependency cce:/internal/x/cc-fu/spine.
debug: Resolve cce:/internal/x/cc-fu/tiled-map from cce:/internal/x/cc as external dependency cce:/internal/x/cc-fu/tiled-map.
debug: Resolve cce:/internal/x/cc-fu/tween from cce:/internal/x/cc as external dependency cce:/internal/x/cc-fu/tween.
debug: Resolve cce:/internal/x/cc-fu/ui from cce:/internal/x/cc as external dependency cce:/internal/x/cc-fu/ui.
debug: Resolve cce:/internal/x/cc-fu/video from cce:/internal/x/cc as external dependency cce:/internal/x/cc-fu/video.
debug: Resolve cce:/internal/x/cc-fu/webview from cce:/internal/x/cc as external dependency cce:/internal/x/cc-fu/webview.
debug: Detected change: cce:/internal/x/prerequisite-imports. Last mtime: Thu Jan 01 1970 09:01:48 GMT+0800 (中国标准时间), Current mtime: Thu Jan 01 1970 08:00:04 GMT+0800 (中国标准时间)
debug: Inspect cce:/internal/x/prerequisite-imports
debug: Resolve file:///Users/bane/cocos-3.x-qrcode2/assets/scripts/QR8bitByte.ts from cce:/internal/x/prerequisite-imports as file:///Users/bane/cocos-3.x-qrcode2/assets/scripts/QR8bitByte.ts.
debug: Inspect file:///Users/bane/cocos-3.x-qrcode2/assets/scripts/QR8bitByte.ts
debug: Resolve cce:/internal/code-quality/cr.mjs from file:///Users/bane/cocos-3.x-qrcode2/assets/scripts/QR8bitByte.ts as cce:/internal/code-quality/cr.mjs.
debug: Detected change: cce:/internal/code-quality/cr.mjs. Last mtime: Wed Nov 08 2023 12:09:05 GMT+0800 (中国标准时间), Current mtime: Wed Nov 08 2023 14:20:29 GMT+0800 (中国标准时间)
debug: Inspect cce:/internal/code-quality/cr.mjs
debug: Resolve cc from file:///Users/bane/cocos-3.x-qrcode2/assets/scripts/QR8bitByte.ts as cce:/internal/x/cc.
debug: Resolve ./constants from file:///Users/bane/cocos-3.x-qrcode2/assets/scripts/QR8bitByte.ts as file:///Users/bane/cocos-3.x-qrcode2/assets/scripts/constants.ts.
debug: Inspect file:///Users/bane/cocos-3.x-qrcode2/assets/scripts/constants.ts
debug: Resolve cc from file:///Users/bane/cocos-3.x-qrcode2/assets/scripts/constants.ts as cce:/internal/x/cc.
debug: Resolve file:///Users/bane/cocos-3.x-qrcode2/assets/scripts/QRBitBuffer.ts from cce:/internal/x/prerequisite-imports as file:///Users/bane/cocos-3.x-qrcode2/assets/scripts/QRBitBuffer.ts.
debug: Inspect file:///Users/bane/cocos-3.x-qrcode2/assets/scripts/QRBitBuffer.ts
debug: Resolve cc from file:///Users/bane/cocos-3.x-qrcode2/assets/scripts/QRBitBuffer.ts as cce:/internal/x/cc.
debug: Resolve file:///Users/bane/cocos-3.x-qrcode2/assets/scripts/QRCode.ts from cce:/internal/x/prerequisite-imports as file:///Users/bane/cocos-3.x-qrcode2/assets/scripts/QRCode.ts.
debug: Inspect file:///Users/bane/cocos-3.x-qrcode2/assets/scripts/QRCode.ts
debug: Resolve cce:/internal/code-quality/cr.mjs from file:///Users/bane/cocos-3.x-qrcode2/assets/scripts/QRCode.ts as cce:/internal/code-quality/cr.mjs.
debug: Resolve cc from file:///Users/bane/cocos-3.x-qrcode2/assets/scripts/QRCode.ts as cce:/internal/x/cc.
debug: Resolve ./QRUtil from file:///Users/bane/cocos-3.x-qrcode2/assets/scripts/QRCode.ts as file:///Users/bane/cocos-3.x-qrcode2/assets/scripts/QRUtil.ts.
debug: Inspect file:///Users/bane/cocos-3.x-qrcode2/assets/scripts/QRUtil.ts
debug: Resolve cce:/internal/code-quality/cr.mjs from file:///Users/bane/cocos-3.x-qrcode2/assets/scripts/QRUtil.ts as cce:/internal/code-quality/cr.mjs.
debug: Resolve cc from file:///Users/bane/cocos-3.x-qrcode2/assets/scripts/QRUtil.ts as cce:/internal/x/cc.
debug: Resolve ./constants from file:///Users/bane/cocos-3.x-qrcode2/assets/scripts/QRUtil.ts as file:///Users/bane/cocos-3.x-qrcode2/assets/scripts/constants.ts.
debug: Resolve ./QRMath from file:///Users/bane/cocos-3.x-qrcode2/assets/scripts/QRUtil.ts as file:///Users/bane/cocos-3.x-qrcode2/assets/scripts/QRMath.ts.
debug: Inspect file:///Users/bane/cocos-3.x-qrcode2/assets/scripts/QRMath.ts
debug: Resolve cc from file:///Users/bane/cocos-3.x-qrcode2/assets/scripts/QRMath.ts as cce:/internal/x/cc.
debug: Resolve ./QRPolynomial from file:///Users/bane/cocos-3.x-qrcode2/assets/scripts/QRUtil.ts as file:///Users/bane/cocos-3.x-qrcode2/assets/scripts/QRPolynomial.ts.
debug: Inspect file:///Users/bane/cocos-3.x-qrcode2/assets/scripts/QRPolynomial.ts
debug: Resolve cce:/internal/code-quality/cr.mjs from file:///Users/bane/cocos-3.x-qrcode2/assets/scripts/QRPolynomial.ts as cce:/internal/code-quality/cr.mjs.
debug: Resolve cc from file:///Users/bane/cocos-3.x-qrcode2/assets/scripts/QRPolynomial.ts as cce:/internal/x/cc.
debug: Resolve ./QRMath from file:///Users/bane/cocos-3.x-qrcode2/assets/scripts/QRPolynomial.ts as file:///Users/bane/cocos-3.x-qrcode2/assets/scripts/QRMath.ts.
debug: Resolve ./QR8bitByte from file:///Users/bane/cocos-3.x-qrcode2/assets/scripts/QRCode.ts as file:///Users/bane/cocos-3.x-qrcode2/assets/scripts/QR8bitByte.ts.
debug: Resolve ./QRBitBuffer from file:///Users/bane/cocos-3.x-qrcode2/assets/scripts/QRCode.ts as file:///Users/bane/cocos-3.x-qrcode2/assets/scripts/QRBitBuffer.ts.
debug: Resolve ./QRRSBlock from file:///Users/bane/cocos-3.x-qrcode2/assets/scripts/QRCode.ts as file:///Users/bane/cocos-3.x-qrcode2/assets/scripts/QRRSBlock.ts.
debug: Inspect file:///Users/bane/cocos-3.x-qrcode2/assets/scripts/QRRSBlock.ts
debug: Resolve cce:/internal/code-quality/cr.mjs from file:///Users/bane/cocos-3.x-qrcode2/assets/scripts/QRRSBlock.ts as cce:/internal/code-quality/cr.mjs.
debug: Resolve cc from file:///Users/bane/cocos-3.x-qrcode2/assets/scripts/QRRSBlock.ts as cce:/internal/x/cc.
debug: Resolve ./constants from file:///Users/bane/cocos-3.x-qrcode2/assets/scripts/QRRSBlock.ts as file:///Users/bane/cocos-3.x-qrcode2/assets/scripts/constants.ts.
debug: Resolve ./QRPolynomial from file:///Users/bane/cocos-3.x-qrcode2/assets/scripts/QRCode.ts as file:///Users/bane/cocos-3.x-qrcode2/assets/scripts/QRPolynomial.ts.
debug: Resolve ./constants from file:///Users/bane/cocos-3.x-qrcode2/assets/scripts/QRCode.ts as file:///Users/bane/cocos-3.x-qrcode2/assets/scripts/constants.ts.
debug: Resolve ./constants from file:///Users/bane/cocos-3.x-qrcode2/assets/scripts/QRCode.ts as file:///Users/bane/cocos-3.x-qrcode2/assets/scripts/constants.ts.
debug: Resolve file:///Users/bane/cocos-3.x-qrcode2/assets/scripts/QRMath.ts from cce:/internal/x/prerequisite-imports as file:///Users/bane/cocos-3.x-qrcode2/assets/scripts/QRMath.ts.
debug: Resolve file:///Users/bane/cocos-3.x-qrcode2/assets/scripts/QRPolynomial.ts from cce:/internal/x/prerequisite-imports as file:///Users/bane/cocos-3.x-qrcode2/assets/scripts/QRPolynomial.ts.
debug: Resolve file:///Users/bane/cocos-3.x-qrcode2/assets/scripts/QRRSBlock.ts from cce:/internal/x/prerequisite-imports as file:///Users/bane/cocos-3.x-qrcode2/assets/scripts/QRRSBlock.ts.
debug: Resolve file:///Users/bane/cocos-3.x-qrcode2/assets/scripts/QRUtil.ts from cce:/internal/x/prerequisite-imports as file:///Users/bane/cocos-3.x-qrcode2/assets/scripts/QRUtil.ts.
debug: Resolve file:///Users/bane/cocos-3.x-qrcode2/assets/scripts/constants.ts from cce:/internal/x/prerequisite-imports as file:///Users/bane/cocos-3.x-qrcode2/assets/scripts/constants.ts.
debug: Resolve file:///Users/bane/cocos-3.x-qrcode2/assets/scripts/test.ts from cce:/internal/x/prerequisite-imports as file:///Users/bane/cocos-3.x-qrcode2/assets/scripts/test.ts.
debug: Inspect file:///Users/bane/cocos-3.x-qrcode2/assets/scripts/test.ts
debug: Resolve cce:/internal/code-quality/cr.mjs from file:///Users/bane/cocos-3.x-qrcode2/assets/scripts/test.ts as cce:/internal/code-quality/cr.mjs.
debug: Resolve cc from file:///Users/bane/cocos-3.x-qrcode2/assets/scripts/test.ts as cce:/internal/x/cc.
debug: Resolve cc from file:///Users/bane/cocos-3.x-qrcode2/assets/scripts/test.ts as cce:/internal/x/cc.
debug: Resolve cc from file:///Users/bane/cocos-3.x-qrcode2/assets/scripts/test.ts as cce:/internal/x/cc.
debug: Resolve ./QRCode from file:///Users/bane/cocos-3.x-qrcode2/assets/scripts/test.ts as file:///Users/bane/cocos-3.x-qrcode2/assets/scripts/QRCode.ts.
debug: Resolve cc from file:///Users/bane/cocos-3.x-qrcode2/assets/scripts/test.ts as cce:/internal/x/cc.
debug: Target(preview) ends with cost 205.5053339600563ms.
debug: Pulling asset-db.
debug: Fetch asset-db cost: 7.555000007152557ms.
debug: Build iteration starts.
Number of accumulated asset changes: 9
Feature changed: false
debug: Target(editor) build started.
debug: Detected change: cce:/internal/x/prerequisite-imports. Last mtime: Thu Jan 01 1970 08:00:03 GMT+0800 (中国标准时间), Current mtime: Thu Jan 01 1970 08:00:04 GMT+0800 (中国标准时间)
debug: Inspect cce:/internal/x/prerequisite-imports
debug: Resolve file:///Users/bane/cocos-3.x-qrcode2/assets/scripts/QR8bitByte.ts from cce:/internal/x/prerequisite-imports as file:///Users/bane/cocos-3.x-qrcode2/assets/scripts/QR8bitByte.ts.
debug: Resolve file:///Users/bane/cocos-3.x-qrcode2/assets/scripts/QRBitBuffer.ts from cce:/internal/x/prerequisite-imports as file:///Users/bane/cocos-3.x-qrcode2/assets/scripts/QRBitBuffer.ts.
debug: Resolve file:///Users/bane/cocos-3.x-qrcode2/assets/scripts/QRCode.ts from cce:/internal/x/prerequisite-imports as file:///Users/bane/cocos-3.x-qrcode2/assets/scripts/QRCode.ts.
debug: Resolve file:///Users/bane/cocos-3.x-qrcode2/assets/scripts/QRMath.ts from cce:/internal/x/prerequisite-imports as file:///Users/bane/cocos-3.x-qrcode2/assets/scripts/QRMath.ts.
debug: Resolve file:///Users/bane/cocos-3.x-qrcode2/assets/scripts/QRPolynomial.ts from cce:/internal/x/prerequisite-imports as file:///Users/bane/cocos-3.x-qrcode2/assets/scripts/QRPolynomial.ts.
debug: Resolve file:///Users/bane/cocos-3.x-qrcode2/assets/scripts/QRRSBlock.ts from cce:/internal/x/prerequisite-imports as file:///Users/bane/cocos-3.x-qrcode2/assets/scripts/QRRSBlock.ts.
debug: Resolve file:///Users/bane/cocos-3.x-qrcode2/assets/scripts/QRUtil.ts from cce:/internal/x/prerequisite-imports as file:///Users/bane/cocos-3.x-qrcode2/assets/scripts/QRUtil.ts.
debug: Resolve file:///Users/bane/cocos-3.x-qrcode2/assets/scripts/constants.ts from cce:/internal/x/prerequisite-imports as file:///Users/bane/cocos-3.x-qrcode2/assets/scripts/constants.ts.
debug: Resolve file:///Users/bane/cocos-3.x-qrcode2/assets/scripts/test.ts from cce:/internal/x/prerequisite-imports as file:///Users/bane/cocos-3.x-qrcode2/assets/scripts/test.ts.
debug: Target(editor) ends with cost 9.154667019844055ms.
debug: Target(preview) build started.
debug: Detected change: cce:/internal/x/prerequisite-imports. Last mtime: Thu Jan 01 1970 08:00:04 GMT+0800 (中国标准时间), Current mtime: Thu Jan 01 1970 08:00:04 GMT+0800 (中国标准时间)
debug: Inspect cce:/internal/x/prerequisite-imports
debug: Resolve file:///Users/bane/cocos-3.x-qrcode2/assets/scripts/QR8bitByte.ts from cce:/internal/x/prerequisite-imports as file:///Users/bane/cocos-3.x-qrcode2/assets/scripts/QR8bitByte.ts.
debug: Resolve file:///Users/bane/cocos-3.x-qrcode2/assets/scripts/QRBitBuffer.ts from cce:/internal/x/prerequisite-imports as file:///Users/bane/cocos-3.x-qrcode2/assets/scripts/QRBitBuffer.ts.
debug: Resolve file:///Users/bane/cocos-3.x-qrcode2/assets/scripts/QRCode.ts from cce:/internal/x/prerequisite-imports as file:///Users/bane/cocos-3.x-qrcode2/assets/scripts/QRCode.ts.
debug: Resolve file:///Users/bane/cocos-3.x-qrcode2/assets/scripts/QRMath.ts from cce:/internal/x/prerequisite-imports as file:///Users/bane/cocos-3.x-qrcode2/assets/scripts/QRMath.ts.
debug: Resolve file:///Users/bane/cocos-3.x-qrcode2/assets/scripts/QRPolynomial.ts from cce:/internal/x/prerequisite-imports as file:///Users/bane/cocos-3.x-qrcode2/assets/scripts/QRPolynomial.ts.
debug: Resolve file:///Users/bane/cocos-3.x-qrcode2/assets/scripts/QRRSBlock.ts from cce:/internal/x/prerequisite-imports as file:///Users/bane/cocos-3.x-qrcode2/assets/scripts/QRRSBlock.ts.
debug: Resolve file:///Users/bane/cocos-3.x-qrcode2/assets/scripts/QRUtil.ts from cce:/internal/x/prerequisite-imports as file:///Users/bane/cocos-3.x-qrcode2/assets/scripts/QRUtil.ts.
debug: Resolve file:///Users/bane/cocos-3.x-qrcode2/assets/scripts/constants.ts from cce:/internal/x/prerequisite-imports as file:///Users/bane/cocos-3.x-qrcode2/assets/scripts/constants.ts.
debug: Resolve file:///Users/bane/cocos-3.x-qrcode2/assets/scripts/test.ts from cce:/internal/x/prerequisite-imports as file:///Users/bane/cocos-3.x-qrcode2/assets/scripts/test.ts.
debug: Target(preview) ends with cost 17.82325005531311ms.
